<?xml version="1.0" encoding="UTF-8"?>
<!-- Generated by org.testng.reporters.JUnitXMLReporter -->
<testsuite ignored="0" hostname="LIN76001689" failures="0" tests="3" name="Default test" time="20.23" errors="0" timestamp="2023-11-24T16:32:47 IST">
  <testcase classname="com.askomdch.Cart" name="addItemToCart" time="3.25"/>
  <testcase classname="com.askomdch.Cart" name="removeItemFromCart" time="6.594"/>
  <testcase classname="com.askomdch.Cart" name="verifyCart" time="3.225"/>
</testsuite> <!-- Default test -->
