<?xml version="1.0" encoding="UTF-8"?>
<testng-results ignored="0" total="3" passed="3" failed="0" skipped="0">
  <reporter-output>
  </reporter-output>
  <suite started-at="2023-11-24T16:32:27 IST" name="Default suite" finished-at="2023-11-24T16:32:47 IST" duration-ms="20230">
    <groups>
    </groups>
    <test started-at="2023-11-24T16:32:27 IST" name="Default test" finished-at="2023-11-24T16:32:47 IST" duration-ms="20230">
      <class name="com.askomdch.Cart">
        <test-method is-config="true" signature="openBrowser()[pri:0, instance:com.askomdch.Cart@1da2cb77]" started-at="2023-11-24T16:32:27 IST" name="openBrowser" finished-at="2023-11-24T16:32:34 IST" duration-ms="6584" status="PASS">
          <reporter-output>
          </reporter-output>
        </test-method> <!-- openBrowser -->
        <test-method signature="addItemToCart()[pri:1, instance:com.askomdch.Cart@1da2cb77]" started-at="2023-11-24T16:32:34 IST" name="addItemToCart" finished-at="2023-11-24T16:32:37 IST" duration-ms="3250" status="PASS">
          <reporter-output>
          </reporter-output>
        </test-method> <!-- addItemToCart -->
        <test-method signature="removeItemFromCart()[pri:2, instance:com.askomdch.Cart@1da2cb77]" started-at="2023-11-24T16:32:37 IST" name="removeItemFromCart" finished-at="2023-11-24T16:32:44 IST" duration-ms="6594" status="PASS">
          <reporter-output>
          </reporter-output>
        </test-method> <!-- removeItemFromCart -->
        <test-method signature="verifyCart()[pri:3, instance:com.askomdch.Cart@1da2cb77]" started-at="2023-11-24T16:32:44 IST" name="verifyCart" finished-at="2023-11-24T16:32:47 IST" duration-ms="3225" status="PASS">
          <reporter-output>
          </reporter-output>
        </test-method> <!-- verifyCart -->
        <test-method is-config="true" signature="closeBrowser()[pri:0, instance:com.askomdch.Cart@1da2cb77]" started-at="2023-11-24T16:32:47 IST" name="closeBrowser" finished-at="2023-11-24T16:32:47 IST" duration-ms="442" status="PASS">
          <reporter-output>
          </reporter-output>
        </test-method> <!-- closeBrowser -->
      </class> <!-- com.askomdch.Cart -->
    </test> <!-- Default test -->
  </suite> <!-- Default suite -->
</testng-results>
