<?xml version="1.0" encoding="UTF-8"?>
<testng-results ignored="0" total="0" passed="0" failed="0" skipped="0">
  <reporter-output>
  </reporter-output>
  <suite started-at="2023-06-28T11:49:06 IST" name="Default suite" finished-at="2023-06-28T11:49:06 IST" duration-ms="222">
    <groups>
      <group name="cucumber">
        <method signature="AbstractTestNGCucumberTests.runScenario(io.cucumber.testng.PickleWrapper,io.cucumber.testng.FeatureWrapper)[pri:0, instance:com.AP.Asianpaints.TestRunner@4d154ccd]" name="runScenario" class="io.cucumber.testng.AbstractTestNGCucumberTests"/>
      </group> <!-- cucumber -->
    </groups>
    <test started-at="2023-06-28T11:49:06 IST" name="Default test" finished-at="2023-06-28T11:49:06 IST" duration-ms="222">
      <class name="com.AP.Asianpaints.TestRunner">
        <test-method is-config="true" signature="setUpClass(org.testng.ITestContext)[pri:0, instance:com.AP.Asianpaints.TestRunner@4d154ccd]" started-at="2023-06-28T11:49:06 IST" name="setUpClass" finished-at="2023-06-28T11:49:06 IST" duration-ms="193" status="PASS">
          <params>
            <param index="0">
              <value>
                <![CDATA[org.testng.TestRunner@74f5ce22]]>
              </value>
            </param>
          </params>
          <reporter-output>
          </reporter-output>
        </test-method> <!-- setUpClass -->
        <test-method is-config="true" signature="tearDownClass()[pri:0, instance:com.AP.Asianpaints.TestRunner@4d154ccd]" started-at="2023-06-28T11:49:06 IST" name="tearDownClass" finished-at="2023-06-28T11:49:06 IST" duration-ms="6" status="PASS">
          <reporter-output>
          </reporter-output>
        </test-method> <!-- tearDownClass -->
      </class> <!-- com.AP.Asianpaints.TestRunner -->
    </test> <!-- Default test -->
  </suite> <!-- Default suite -->
</testng-results>
